<?xml version="1.0" encoding="UTF-8"?>
<testng-results skipped="0" failed="0" ignored="0" total="10" passed="10">
  <reporter-output>
  </reporter-output>
  <suite name="Suite" duration-ms="53813" started-at="2020-02-12T22:06:26 IST" finished-at="2020-02-12T22:07:20 IST">
    <groups>
    </groups>
    <test name="Test" duration-ms="53813" started-at="2020-02-12T22:06:26 IST" finished-at="2020-02-12T22:07:20 IST">
      <class name="FreeNow_APIAutomation.FreeNow_APIAutomation.TestScript">
        <test-method status="PASS" signature="fixtureLevelSetup()[pri:0, instance:FreeNow_APIAutomation.FreeNow_APIAutomation.TestScript@5d76b067]" name="fixtureLevelSetup" is-config="true" duration-ms="100" started-at="2020-02-12T22:06:26 IST" finished-at="2020-02-12T22:06:26 IST">
          <reporter-output>
          </reporter-output>
        </test-method> <!-- fixtureLevelSetup -->
        <test-method status="PASS" signature="TestLevelSetup()[pri:0, instance:FreeNow_APIAutomation.FreeNow_APIAutomation.TestScript@5d76b067]" name="TestLevelSetup" is-config="true" duration-ms="1" started-at="2020-02-12T22:06:26 IST" finished-at="2020-02-12T22:06:26 IST">
          <reporter-output>
          </reporter-output>
        </test-method> <!-- TestLevelSetup -->
        <test-method status="PASS" signature="TestCase1()[pri:0, instance:FreeNow_APIAutomation.FreeNow_APIAutomation.TestScript@5d76b067]" name="TestCase1" duration-ms="12474" started-at="2020-02-12T22:06:26 IST" finished-at="2020-02-12T22:06:39 IST">
          <reporter-output>
          </reporter-output>
        </test-method> <!-- TestCase1 -->
        <test-method status="PASS" signature="TestLevelTearDown(org.testng.ITestResult)[pri:0, instance:FreeNow_APIAutomation.FreeNow_APIAutomation.TestScript@5d76b067]" name="TestLevelTearDown" is-config="true" duration-ms="1" started-at="2020-02-12T22:06:39 IST" finished-at="2020-02-12T22:06:39 IST">
          <params>
            <param index="0">
              <value>
                <![CDATA[[TestResult name=TestCase1 status=SUCCESS method=TestScript.TestCase1()[pri:0, instance:FreeNow_APIAutomation.FreeNow_APIAutomation.TestScript@5d76b067] output={null}]]]>
              </value>
            </param>
          </params>
          <reporter-output>
          </reporter-output>
        </test-method> <!-- TestLevelTearDown -->
        <test-method status="PASS" signature="TestCase10()[pri:0, instance:FreeNow_APIAutomation.FreeNow_APIAutomation.TestScript@5d76b067]" name="TestCase10" duration-ms="3787" started-at="2020-02-12T22:06:39 IST" finished-at="2020-02-12T22:06:43 IST">
          <reporter-output>
          </reporter-output>
        </test-method> <!-- TestCase10 -->
        <test-method status="PASS" signature="TestLevelSetup()[pri:0, instance:FreeNow_APIAutomation.FreeNow_APIAutomation.TestScript@5d76b067]" name="TestLevelSetup" is-config="true" duration-ms="0" started-at="2020-02-12T22:06:39 IST" finished-at="2020-02-12T22:06:39 IST">
          <reporter-output>
          </reporter-output>
        </test-method> <!-- TestLevelSetup -->
        <test-method status="PASS" signature="TestLevelTearDown(org.testng.ITestResult)[pri:0, instance:FreeNow_APIAutomation.FreeNow_APIAutomation.TestScript@5d76b067]" name="TestLevelTearDown" is-config="true" duration-ms="1" started-at="2020-02-12T22:06:43 IST" finished-at="2020-02-12T22:06:43 IST">
          <params>
            <param index="0">
              <value>
                <![CDATA[[TestResult name=TestCase10 status=SUCCESS method=TestScript.TestCase10()[pri:0, instance:FreeNow_APIAutomation.FreeNow_APIAutomation.TestScript@5d76b067] output={null}]]]>
              </value>
            </param>
          </params>
          <reporter-output>
          </reporter-output>
        </test-method> <!-- TestLevelTearDown -->
        <test-method status="PASS" signature="TestLevelSetup()[pri:0, instance:FreeNow_APIAutomation.FreeNow_APIAutomation.TestScript@5d76b067]" name="TestLevelSetup" is-config="true" duration-ms="0" started-at="2020-02-12T22:06:43 IST" finished-at="2020-02-12T22:06:43 IST">
          <reporter-output>
          </reporter-output>
        </test-method> <!-- TestLevelSetup -->
        <test-method status="PASS" signature="TestCase2()[pri:0, instance:FreeNow_APIAutomation.FreeNow_APIAutomation.TestScript@5d76b067]" name="TestCase2" duration-ms="5962" started-at="2020-02-12T22:06:43 IST" finished-at="2020-02-12T22:06:48 IST">
          <reporter-output>
          </reporter-output>
        </test-method> <!-- TestCase2 -->
        <test-method status="PASS" signature="TestLevelTearDown(org.testng.ITestResult)[pri:0, instance:FreeNow_APIAutomation.FreeNow_APIAutomation.TestScript@5d76b067]" name="TestLevelTearDown" is-config="true" duration-ms="0" started-at="2020-02-12T22:06:48 IST" finished-at="2020-02-12T22:06:48 IST">
          <params>
            <param index="0">
              <value>
                <![CDATA[[TestResult name=TestCase2 status=SUCCESS method=TestScript.TestCase2()[pri:0, instance:FreeNow_APIAutomation.FreeNow_APIAutomation.TestScript@5d76b067] output={null}]]]>
              </value>
            </param>
          </params>
          <reporter-output>
          </reporter-output>
        </test-method> <!-- TestLevelTearDown -->
        <test-method status="PASS" signature="TestLevelSetup()[pri:0, instance:FreeNow_APIAutomation.FreeNow_APIAutomation.TestScript@5d76b067]" name="TestLevelSetup" is-config="true" duration-ms="0" started-at="2020-02-12T22:06:48 IST" finished-at="2020-02-12T22:06:48 IST">
          <reporter-output>
          </reporter-output>
        </test-method> <!-- TestLevelSetup -->
        <test-method status="PASS" signature="TestCase3()[pri:0, instance:FreeNow_APIAutomation.FreeNow_APIAutomation.TestScript@5d76b067]" name="TestCase3" duration-ms="3855" started-at="2020-02-12T22:06:48 IST" finished-at="2020-02-12T22:06:52 IST">
          <reporter-output>
          </reporter-output>
        </test-method> <!-- TestCase3 -->
        <test-method status="PASS" signature="TestLevelTearDown(org.testng.ITestResult)[pri:0, instance:FreeNow_APIAutomation.FreeNow_APIAutomation.TestScript@5d76b067]" name="TestLevelTearDown" is-config="true" duration-ms="0" started-at="2020-02-12T22:06:52 IST" finished-at="2020-02-12T22:06:52 IST">
          <params>
            <param index="0">
              <value>
                <![CDATA[[TestResult name=TestCase3 status=SUCCESS method=TestScript.TestCase3()[pri:0, instance:FreeNow_APIAutomation.FreeNow_APIAutomation.TestScript@5d76b067] output={null}]]]>
              </value>
            </param>
          </params>
          <reporter-output>
          </reporter-output>
        </test-method> <!-- TestLevelTearDown -->
        <test-method status="PASS" signature="TestCase4()[pri:0, instance:FreeNow_APIAutomation.FreeNow_APIAutomation.TestScript@5d76b067]" name="TestCase4" duration-ms="2818" started-at="2020-02-12T22:06:52 IST" finished-at="2020-02-12T22:06:55 IST">
          <reporter-output>
          </reporter-output>
        </test-method> <!-- TestCase4 -->
        <test-method status="PASS" signature="TestLevelSetup()[pri:0, instance:FreeNow_APIAutomation.FreeNow_APIAutomation.TestScript@5d76b067]" name="TestLevelSetup" is-config="true" duration-ms="0" started-at="2020-02-12T22:06:52 IST" finished-at="2020-02-12T22:06:52 IST">
          <reporter-output>
          </reporter-output>
        </test-method> <!-- TestLevelSetup -->
        <test-method status="PASS" signature="TestLevelTearDown(org.testng.ITestResult)[pri:0, instance:FreeNow_APIAutomation.FreeNow_APIAutomation.TestScript@5d76b067]" name="TestLevelTearDown" is-config="true" duration-ms="0" started-at="2020-02-12T22:06:55 IST" finished-at="2020-02-12T22:06:55 IST">
          <params>
            <param index="0">
              <value>
                <![CDATA[[TestResult name=TestCase4 status=SUCCESS method=TestScript.TestCase4()[pri:0, instance:FreeNow_APIAutomation.FreeNow_APIAutomation.TestScript@5d76b067] output={null}]]]>
              </value>
            </param>
          </params>
          <reporter-output>
          </reporter-output>
        </test-method> <!-- TestLevelTearDown -->
        <test-method status="PASS" signature="TestLevelSetup()[pri:0, instance:FreeNow_APIAutomation.FreeNow_APIAutomation.TestScript@5d76b067]" name="TestLevelSetup" is-config="true" duration-ms="0" started-at="2020-02-12T22:06:55 IST" finished-at="2020-02-12T22:06:55 IST">
          <reporter-output>
          </reporter-output>
        </test-method> <!-- TestLevelSetup -->
        <test-method status="PASS" signature="TestCase5()[pri:0, instance:FreeNow_APIAutomation.FreeNow_APIAutomation.TestScript@5d76b067]" name="TestCase5" duration-ms="3035" started-at="2020-02-12T22:06:55 IST" finished-at="2020-02-12T22:06:58 IST">
          <reporter-output>
          </reporter-output>
        </test-method> <!-- TestCase5 -->
        <test-method status="PASS" signature="TestLevelTearDown(org.testng.ITestResult)[pri:0, instance:FreeNow_APIAutomation.FreeNow_APIAutomation.TestScript@5d76b067]" name="TestLevelTearDown" is-config="true" duration-ms="0" started-at="2020-02-12T22:06:58 IST" finished-at="2020-02-12T22:06:58 IST">
          <params>
            <param index="0">
              <value>
                <![CDATA[[TestResult name=TestCase5 status=SUCCESS method=TestScript.TestCase5()[pri:0, instance:FreeNow_APIAutomation.FreeNow_APIAutomation.TestScript@5d76b067] output={null}]]]>
              </value>
            </param>
          </params>
          <reporter-output>
          </reporter-output>
        </test-method> <!-- TestLevelTearDown -->
        <test-method status="PASS" signature="TestCase6()[pri:0, instance:FreeNow_APIAutomation.FreeNow_APIAutomation.TestScript@5d76b067]" name="TestCase6" duration-ms="3448" started-at="2020-02-12T22:06:58 IST" finished-at="2020-02-12T22:07:02 IST">
          <reporter-output>
          </reporter-output>
        </test-method> <!-- TestCase6 -->
        <test-method status="PASS" signature="TestLevelSetup()[pri:0, instance:FreeNow_APIAutomation.FreeNow_APIAutomation.TestScript@5d76b067]" name="TestLevelSetup" is-config="true" duration-ms="0" started-at="2020-02-12T22:06:58 IST" finished-at="2020-02-12T22:06:58 IST">
          <reporter-output>
          </reporter-output>
        </test-method> <!-- TestLevelSetup -->
        <test-method status="PASS" signature="TestLevelTearDown(org.testng.ITestResult)[pri:0, instance:FreeNow_APIAutomation.FreeNow_APIAutomation.TestScript@5d76b067]" name="TestLevelTearDown" is-config="true" duration-ms="0" started-at="2020-02-12T22:07:02 IST" finished-at="2020-02-12T22:07:02 IST">
          <params>
            <param index="0">
              <value>
                <![CDATA[[TestResult name=TestCase6 status=SUCCESS method=TestScript.TestCase6()[pri:0, instance:FreeNow_APIAutomation.FreeNow_APIAutomation.TestScript@5d76b067] output={null}]]]>
              </value>
            </param>
          </params>
          <reporter-output>
          </reporter-output>
        </test-method> <!-- TestLevelTearDown -->
        <test-method status="PASS" signature="TestLevelSetup()[pri:0, instance:FreeNow_APIAutomation.FreeNow_APIAutomation.TestScript@5d76b067]" name="TestLevelSetup" is-config="true" duration-ms="0" started-at="2020-02-12T22:07:02 IST" finished-at="2020-02-12T22:07:02 IST">
          <reporter-output>
          </reporter-output>
        </test-method> <!-- TestLevelSetup -->
        <test-method status="PASS" signature="TestCase7()[pri:0, instance:FreeNow_APIAutomation.FreeNow_APIAutomation.TestScript@5d76b067]" name="TestCase7" duration-ms="3950" started-at="2020-02-12T22:07:02 IST" finished-at="2020-02-12T22:07:06 IST">
          <reporter-output>
          </reporter-output>
        </test-method> <!-- TestCase7 -->
        <test-method status="PASS" signature="TestLevelTearDown(org.testng.ITestResult)[pri:0, instance:FreeNow_APIAutomation.FreeNow_APIAutomation.TestScript@5d76b067]" name="TestLevelTearDown" is-config="true" duration-ms="1" started-at="2020-02-12T22:07:06 IST" finished-at="2020-02-12T22:07:06 IST">
          <params>
            <param index="0">
              <value>
                <![CDATA[[TestResult name=TestCase7 status=SUCCESS method=TestScript.TestCase7()[pri:0, instance:FreeNow_APIAutomation.FreeNow_APIAutomation.TestScript@5d76b067] output={null}]]]>
              </value>
            </param>
          </params>
          <reporter-output>
          </reporter-output>
        </test-method> <!-- TestLevelTearDown -->
        <test-method status="PASS" signature="TestLevelSetup()[pri:0, instance:FreeNow_APIAutomation.FreeNow_APIAutomation.TestScript@5d76b067]" name="TestLevelSetup" is-config="true" duration-ms="1" started-at="2020-02-12T22:07:06 IST" finished-at="2020-02-12T22:07:06 IST">
          <reporter-output>
          </reporter-output>
        </test-method> <!-- TestLevelSetup -->
        <test-method status="PASS" signature="TestCase8()[pri:0, instance:FreeNow_APIAutomation.FreeNow_APIAutomation.TestScript@5d76b067]" name="TestCase8" duration-ms="11048" started-at="2020-02-12T22:07:06 IST" finished-at="2020-02-12T22:07:17 IST">
          <reporter-output>
          </reporter-output>
        </test-method> <!-- TestCase8 -->
        <test-method status="PASS" signature="TestLevelTearDown(org.testng.ITestResult)[pri:0, instance:FreeNow_APIAutomation.FreeNow_APIAutomation.TestScript@5d76b067]" name="TestLevelTearDown" is-config="true" duration-ms="1" started-at="2020-02-12T22:07:17 IST" finished-at="2020-02-12T22:07:17 IST">
          <params>
            <param index="0">
              <value>
                <![CDATA[[TestResult name=TestCase8 status=SUCCESS method=TestScript.TestCase8()[pri:0, instance:FreeNow_APIAutomation.FreeNow_APIAutomation.TestScript@5d76b067] output={null}]]]>
              </value>
            </param>
          </params>
          <reporter-output>
          </reporter-output>
        </test-method> <!-- TestLevelTearDown -->
        <test-method status="PASS" signature="TestLevelSetup()[pri:0, instance:FreeNow_APIAutomation.FreeNow_APIAutomation.TestScript@5d76b067]" name="TestLevelSetup" is-config="true" duration-ms="0" started-at="2020-02-12T22:07:17 IST" finished-at="2020-02-12T22:07:17 IST">
          <reporter-output>
          </reporter-output>
        </test-method> <!-- TestLevelSetup -->
        <test-method status="PASS" signature="TestCase9()[pri:0, instance:FreeNow_APIAutomation.FreeNow_APIAutomation.TestScript@5d76b067]" name="TestCase9" duration-ms="2919" started-at="2020-02-12T22:07:17 IST" finished-at="2020-02-12T22:07:20 IST">
          <reporter-output>
          </reporter-output>
        </test-method> <!-- TestCase9 -->
        <test-method status="PASS" signature="TestLevelTearDown(org.testng.ITestResult)[pri:0, instance:FreeNow_APIAutomation.FreeNow_APIAutomation.TestScript@5d76b067]" name="TestLevelTearDown" is-config="true" duration-ms="0" started-at="2020-02-12T22:07:20 IST" finished-at="2020-02-12T22:07:20 IST">
          <params>
            <param index="0">
              <value>
                <![CDATA[[TestResult name=TestCase9 status=SUCCESS method=TestScript.TestCase9()[pri:0, instance:FreeNow_APIAutomation.FreeNow_APIAutomation.TestScript@5d76b067] output={null}]]]>
              </value>
            </param>
          </params>
          <reporter-output>
          </reporter-output>
        </test-method> <!-- TestLevelTearDown -->
        <test-method status="PASS" signature="FixtureLevelTearDown()[pri:0, instance:FreeNow_APIAutomation.FreeNow_APIAutomation.TestScript@5d76b067]" name="FixtureLevelTearDown" is-config="true" duration-ms="363" started-at="2020-02-12T22:07:20 IST" finished-at="2020-02-12T22:07:20 IST">
          <reporter-output>
          </reporter-output>
        </test-method> <!-- FixtureLevelTearDown -->
      </class> <!-- FreeNow_APIAutomation.FreeNow_APIAutomation.TestScript -->
    </test> <!-- Test -->
  </suite> <!-- Suite -->
</testng-results>
