<?xml version="1.0" encoding="UTF-8"?>
<!-- Generated by org.testng.reporters.JUnitXMLReporter -->
<testsuite hostname="MININT-F9QT6ID" ignored="0" name="Test" tests="10" failures="0" timestamp="2020-02-12T22:07:20 IST" time="53.813" errors="0">
  <testcase name="TestCase1" time="12.474" classname="FreeNow_APIAutomation.FreeNow_APIAutomation.TestScript"/>
  <testcase name="TestCase10" time="3.787" classname="FreeNow_APIAutomation.FreeNow_APIAutomation.TestScript"/>
  <testcase name="TestCase2" time="5.962" classname="FreeNow_APIAutomation.FreeNow_APIAutomation.TestScript"/>
  <testcase name="TestCase3" time="3.855" classname="FreeNow_APIAutomation.FreeNow_APIAutomation.TestScript"/>
  <testcase name="TestCase4" time="2.818" classname="FreeNow_APIAutomation.FreeNow_APIAutomation.TestScript"/>
  <testcase name="TestCase5" time="3.035" classname="FreeNow_APIAutomation.FreeNow_APIAutomation.TestScript"/>
  <testcase name="TestCase6" time="3.448" classname="FreeNow_APIAutomation.FreeNow_APIAutomation.TestScript"/>
  <testcase name="TestCase7" time="3.95" classname="FreeNow_APIAutomation.FreeNow_APIAutomation.TestScript"/>
  <testcase name="TestCase8" time="11.048" classname="FreeNow_APIAutomation.FreeNow_APIAutomation.TestScript"/>
  <testcase name="TestCase9" time="2.919" classname="FreeNow_APIAutomation.FreeNow_APIAutomation.TestScript"/>
</testsuite> <!-- Test -->
