<?xml version="1.0" encoding="UTF-8"?>
<!-- Generated by org.testng.reporters.JUnitXMLReporter -->
<testsuite hostname="MININT-F9QT6ID" ignored="9" name="Default test" tests="1" failures="0" timestamp="2020-02-12T22:05:14 IST" time="26.997" errors="0">
  <testcase name="TestCase1" time="26.649" classname="FreeNow_APIAutomation.FreeNow_APIAutomation.TestScript"/>
  <testcase name="TestCase8" time="0.0" classname="FreeNow_APIAutomation.FreeNow_APIAutomation.TestScript">
    <ignored/>
  </testcase> <!-- TestCase8 -->
  <testcase name="TestCase10" time="0.0" classname="FreeNow_APIAutomation.FreeNow_APIAutomation.TestScript">
    <ignored/>
  </testcase> <!-- TestCase10 -->
  <testcase name="TestCase2" time="0.0" classname="FreeNow_APIAutomation.FreeNow_APIAutomation.TestScript">
    <ignored/>
  </testcase> <!-- TestCase2 -->
  <testcase name="TestCase5" time="0.0" classname="FreeNow_APIAutomation.FreeNow_APIAutomation.TestScript">
    <ignored/>
  </testcase> <!-- TestCase5 -->
  <testcase name="TestCase3" time="0.0" classname="FreeNow_APIAutomation.FreeNow_APIAutomation.TestScript">
    <ignored/>
  </testcase> <!-- TestCase3 -->
  <testcase name="TestCase6" time="0.0" classname="FreeNow_APIAutomation.FreeNow_APIAutomation.TestScript">
    <ignored/>
  </testcase> <!-- TestCase6 -->
  <testcase name="TestCase9" time="0.0" classname="FreeNow_APIAutomation.FreeNow_APIAutomation.TestScript">
    <ignored/>
  </testcase> <!-- TestCase9 -->
  <testcase name="TestCase4" time="0.0" classname="FreeNow_APIAutomation.FreeNow_APIAutomation.TestScript">
    <ignored/>
  </testcase> <!-- TestCase4 -->
  <testcase name="TestCase7" time="0.0" classname="FreeNow_APIAutomation.FreeNow_APIAutomation.TestScript">
    <ignored/>
  </testcase> <!-- TestCase7 -->
</testsuite> <!-- Default test -->
